<?xml version="1.0" encoding="UTF-8"?>
<testng-results skipped="0" failed="0" ignored="0" total="1" passed="1">
  <reporter-output>
  </reporter-output>
  <suite name="Suite" duration-ms="43966" started-at="2018-03-26T10:17:48Z" finished-at="2018-03-26T10:18:32Z">
    <groups>
    </groups>
    <test name="Test" duration-ms="43966" started-at="2018-03-26T10:17:48Z" finished-at="2018-03-26T10:18:32Z">
      <class name="example.NewTest">
        <test-method status="PASS" signature="beforeTest()[pri:0, instance:example.NewTest@224edc67]" name="beforeTest" is-config="true" duration-ms="30928" started-at="2018-03-26T15:47:48Z" finished-at="2018-03-26T15:48:19Z">
          <reporter-output>
          </reporter-output>
        </test-method> <!-- beforeTest -->
        <test-method status="PASS" signature="testEasy()[pri:0, instance:example.NewTest@224edc67]" name="testEasy" duration-ms="11443" started-at="2018-03-26T15:48:19Z" finished-at="2018-03-26T15:48:30Z">
          <reporter-output>
          </reporter-output>
        </test-method> <!-- testEasy -->
        <test-method status="PASS" signature="afterTest()[pri:0, instance:example.NewTest@224edc67]" name="afterTest" is-config="true" duration-ms="1530" started-at="2018-03-26T15:48:30Z" finished-at="2018-03-26T15:48:32Z">
          <reporter-output>
          </reporter-output>
        </test-method> <!-- afterTest -->
      </class> <!-- example.NewTest -->
    </test> <!-- Test -->
  </suite> <!-- Suite -->
</testng-results>
